Horário: 04/07/2022 - 22:50:8

Error: Caminho do arquivo escolhido não existe!

[
    {
        "path": "assets\\csv\\data_pesquisa3.csv/a"
    }
]

--------------------------------------------------------------------

Horário: 04/07/2022 - 22:51:3

Error: Caminho do arquivo escolhido não existe!

[
    {
        "path": "assets\\csv\\data_pesquisa3.csv/a"
    }
]

--------------------------------------------------------------------

Horário: 04/07/2022 - 22:52:6

Error: Caminho do arquivo escolhido não existe!

[
    {
        "path": "assets\\csv\\data_pesquisa3.csv/a"
    }
]

--------------------------------------------------------------------

Horário: 04/07/2022 - 22:54:8

Error: Caminho do arquivo escolhido não existe!

[
    {
        "path": "assets\\csv\\data_pesquisa3.csv/a"
    }
]

--------------------------------------------------------------------

Horário: 04/07/2022 - 22:54:39

Error: Caminho do arquivo escolhido não existe!

[
    {
        "path": "assets\\csv\\data_pesquisa3.csv/a"
    }
]

--------------------------------------------------------------------

Horário: 04/07/2022 - 22:54:59

Error: Caminho do arquivo escolhido não existe!

[
    {
        "path": "assets\\csv\\data_pesquisa3.csv/a"
    }
]

--------------------------------------------------------------------

Horário: 04/07/2022 - 22:55:18

Error: Caminho do arquivo escolhido não existe!

[
    {
        "path": "assets\\csv\\data_pesquisa3.csv/a"
    }
]

--------------------------------------------------------------------

Horário: 04/07/2022 - 23:13:38

Error: Caminho do arquivo escolhido não existe!

[
    {
        "path": "assets\\csv\\data_pesquisa3.csv/a"
    }
]

--------------------------------------------------------------------

Horário: 04/07/2022 - 23:13:38

Error: Erro desconhecido

[
    {
        "error": "Left(Instance of 'FileNotFound')"
    }
]

--------------------------------------------------------------------

Horário: 04/07/2022 - 23:17:20

Error: Caminho do arquivo escolhido não existe!

[
    {
        "path": "assets\\csv\\data_pesquisa3.csv/a"
    }
]

--------------------------------------------------------------------

Horário: 04/07/2022 - 23:17:20

Error: Erro desconhecido

[
    {
        "error": "Left(Instance of 'FileNotFound')"
    }
]

--------------------------------------------------------------------

Horário: 04/07/2022 - 23:17:45

Error: Caminho do arquivo escolhido não existe!

[
    {
        "path": "assets\\csv\\data_pesquisa3.csv/a"
    }
]

--------------------------------------------------------------------

Horário: 04/07/2022 - 23:17:45

Error: Erro desconhecido

[
    {
        "error": "Left(Instance of 'FileNotFound')"
    }
]

--------------------------------------------------------------------

Horário: 04/07/2022 - 23:18:26

Error: Caminho do arquivo escolhido não existe!

[
    {
        "path": "assets\\csv\\data_pesquisa3.csv/a"
    }
]

--------------------------------------------------------------------

Horário: 04/07/2022 - 23:18:26

Error: Erro desconhecido

[
    {
        "error": "Left(Instance of 'FileNotFound')"
    }
]

--------------------------------------------------------------------

Horário: 04/07/2022 - 23:19:5

Error: Caminho do arquivo escolhido não existe!

[
    {
        "path": "assets\\csv\\data_pesquisa3.csv/a"
    }
]

--------------------------------------------------------------------

Horário: 04/07/2022 - 23:19:5

Error: Erro desconhecido

[
    {
        "error": "Left(Instance of 'FileNotFound')"
    }
]

--------------------------------------------------------------------

Horário: 04/07/2022 - 23:22:16

Error: Caminho do arquivo escolhido não existe!

[
    {
        "path": "assets\\csv\\data_pesquisa3.csv/a"
    }
]

--------------------------------------------------------------------

Horário: 04/07/2022 - 23:22:16

Error: Erro desconhecido

[
    {
        "error": "Left(Instance of 'FileNotFound')"
    }
]

--------------------------------------------------------------------

Horário: 04/07/2022 - 23:29:48

Error: Caminho do arquivo escolhido não existe!

[
    {
        "path": "assets\\csv\\data_pesquisa3.csv/a"
    }
]

--------------------------------------------------------------------

Horário: 04/07/2022 - 23:29:48

Error: Erro desconhecido

[
    {
        "error": "Left(Instance of 'FileNotFound')"
    }
]

--------------------------------------------------------------------

